<?xml version="1.0" encoding="UTF-8"?>
<!-- Generated by org.testng.reporters.JUnitReportReporter -->
<testsuite skipped="0" hostname="DESKTOP-MMFB6CD" name="FB.FaceBook.LoginPagePassCredentials" tests="1" failures="0" timestamp="16 Feb 2021 15:00:23 GMT" time="28.104" errors="0">
  <testcase name="enterusernameAndPassword" time="28.104" classname="FB.FaceBook.LoginPagePassCredentials"/>
</testsuite> <!-- FB.FaceBook.LoginPagePassCredentials -->
