<?xml version="1.0" encoding="UTF-8"?>
<!-- Generated by org.testng.reporters.JUnitReportReporter -->
<testsuite skipped="0" hostname="DESKTOP-MMFB6CD" name="FB.FaceBook.Windowhandlers" tests="1" failures="0" timestamp="16 Feb 2021 16:28:37 GMT" time="23.064" errors="0">
  <testcase name="windowhandler" time="23.064" classname="FB.FaceBook.Windowhandlers"/>
</testsuite> <!-- FB.FaceBook.Windowhandlers -->
